Build started 2018-10-07 오후 7:10:59.
     1>Project "C:\Users\yskan\Documents\Visual Studio 2013\Projects\157p -2\157p -2\157p -2.vcxproj" on node 2 (Build target(s)).
     1>ClCompile:
         C:\Program Files (x86)\Microsoft Visual Studio 12.0\VC\bin\CL.exe /c /ZI /nologo /W3 /WX- /sdl /Od /Oy- /D _MBCS /Gm /EHsc /RTC1 /MDd /GS /fp:precise /Zc:wchar_t /Zc:forScope /Fo"Debug\\" /Fd"Debug\vc120.pdb" /Gd /TC /analyze- /errorReport:prompt main.c
         main.c
     1>c:\users\yskan\documents\visual studio 2013\projects\157p -2\157p -2\main.c(6): error C2146: syntax error : missing ';' before identifier 'MAX'
     1>c:\users\yskan\documents\visual studio 2013\projects\157p -2\157p -2\main.c(6): error C2065: 'MAX' : undeclared identifier
     1>c:\users\yskan\documents\visual studio 2013\projects\157p -2\157p -2\main.c(7): error C2146: syntax error : missing ';' before identifier 'i'
     1>c:\users\yskan\documents\visual studio 2013\projects\157p -2\157p -2\main.c(7): error C2065: 'i' : undeclared identifier
     1>c:\users\yskan\documents\visual studio 2013\projects\157p -2\157p -2\main.c(9): warning C4076: 'unsigned' : can not be used with type 'double'
     1>c:\users\yskan\documents\visual studio 2013\projects\157p -2\157p -2\main.c(9): warning C4244: 'initializing' : conversion from 'double' to 'unsigned int', possible loss of data
     1>Done Building Project "C:\Users\yskan\Documents\Visual Studio 2013\Projects\157p -2\157p -2\157p -2.vcxproj" (Build target(s)) -- FAILED.

Build FAILED.

Time Elapsed 00:00:00.70
