Build started 2018-09-18 오후 9:05:12.
     1>Project "c:\Users\yskan\documents\visual studio 2013\Projects\158p -3\158p -3\158p -3.vcxproj" on node 2 (Build target(s)).
     1>ClCompile:
         C:\Program Files (x86)\Microsoft Visual Studio 12.0\VC\bin\CL.exe /c /ZI /nologo /W3 /WX- /sdl /Od /Oy- /D _MBCS /Gm /EHsc /RTC1 /MDd /GS /fp:precise /Zc:wchar_t /Zc:forScope /Fo"Debug\\" /Fd"Debug\vc120.pdb" /Gd /TC /analyze- /errorReport:prompt main.c
         main.c
     1>c:\users\yskan\documents\visual studio 2013\projects\158p -3\158p -3\main.c(13): error C2059: syntax error : ')'
     1>c:\users\yskan\documents\visual studio 2013\projects\158p -3\158p -3\main.c(15): error C2086: 'double D2' : redefinition
                 c:\users\yskan\documents\visual studio 2013\projects\158p -3\158p -3\main.c(12) : see declaration of 'D2'
     1>Done Building Project "c:\Users\yskan\documents\visual studio 2013\Projects\158p -3\158p -3\158p -3.vcxproj" (Build target(s)) -- FAILED.

Build FAILED.

Time Elapsed 00:00:00.74
